2021-09-17 01:35:14.148  INFO 384074 --- [XNIO-1 task-1] l.server.player.AudioLoaderRestHandler   : Got request to load for identifier "ytsearch:FVKED UP by Dionysus"
2021-09-17 01:35:14.291  INFO 384074 --- [XNIO-1 I/O-5] lavalink.server.io.SocketServer          : {"op": "voiceUpdate", "guildId": "652899105496104960", "sessionId": "a26a5de4c406bd1c9a67c3060c7cf27f", "event": {"token": "fd4e786224f9b23a", "guild_id": "652899105496104960", "endpoint": "eu-central650.discord.media:443"}}
2021-09-17 01:35:14.859  INFO 384074 --- [lava-daemon-pool-info-loader-2-thread-1] lavalink.server.player.AudioLoader       : Loaded playlist Search results for: FVKED UP by Dionysus
2021-09-17 01:35:15.086  INFO 384074 --- [XNIO-1 I/O-5] lavalink.server.io.SocketServer          : {"op": "play", "guildId": "652899105496104960", "track": "QAAAawIACUZWQ0tFRCBVUAAIRGlvbnlzdXMAAAAAAALuAAALS2lRYXNFYXNEeHcAAQAraHR0cHM6Ly93d3cueW91dHViZS5jb20vd2F0Y2g/dj1LaVFhc0Vhc0R4dwAHeW91dHViZQAAAAAAAAAA", "startTime": 0, "endTime": 0, "noReplace": false}
2021-09-17 01:37:38.887  INFO 384074 --- [XNIO-1 task-1] l.server.player.AudioLoaderRestHandler   : Got request to load for identifier "ytsearch:Hard Carry by GOT7"
2021-09-17 01:37:39.496  INFO 384074 --- [lava-daemon-pool-info-loader-2-thread-1] lavalink.server.player.AudioLoader       : Loaded playlist Search results for: Hard Carry by GOT7
2021-09-17 01:37:51.252  INFO 384074 --- [XNIO-1 I/O-5] lavalink.server.io.SocketServer          : {"op": "play", "guildId": "652899105496104960", "track": "QAAAjgIAI0dPVDcgIkhhcmQgQ2Fycnko7ZWY65Oc7LqQ66asKSIgTS9WABFKWVAgRW50ZXJ0YWlubWVudAAAAAAAAxEoAAtPNTdqcjFvWkRJdwABACtodHRwczovL3d3dy55b3V0dWJlLmNvbS93YXRjaD92PU81N2pyMW9aREl3AAd5b3V0dWJlAAAAAAAAAAA=", "startTime": 0, "endTime": 0, "noReplace": false}
2021-09-17 01:38:43.262  INFO 384074 --- [XNIO-1 task-1] l.server.player.AudioLoaderRestHandler   : Got request to load for identifier "ytsearch:where the hood at"
2021-09-17 01:38:44.237  INFO 384074 --- [lava-daemon-pool-info-loader-2-thread-1] lavalink.server.player.AudioLoader       : Loaded playlist Search results for: where the hood at
2021-09-17 01:39:22.167  INFO 384074 --- [XNIO-1 I/O-5] lavalink.server.io.SocketServer          : {"op": "play", "guildId": "652899105496104960", "track": "QAAAmgIAMURNWCAtIFdoZXJlIFRoZSBIb29kIEF0PyAoRGlydHkpIChNdXNpYyBWaWRlbykgSFEAD1VuZWFydGhlZCBTb3VuZAAAAAAABDoIAAs2Q3FYZ3MtN2ljbwABACtodHRwczovL3d3dy55b3V0dWJlLmNvbS93YXRjaD92PTZDcVhncy03aWNvAAd5b3V0dWJlAAAAAAAAAAA=", "startTime": 0, "endTime": 0, "noReplace": false}
2021-09-17 01:40:08.164  INFO 384074 --- [XNIO-1 task-1] l.server.player.AudioLoaderRestHandler   : Got request to load for identifier "ytsearch:MIROH by stray kids"
2021-09-17 01:40:08.898  INFO 384074 --- [lava-daemon-pool-info-loader-2-thread-1] lavalink.server.player.AudioLoader       : Loaded playlist Search results for: MIROH by stray kids
2021-09-17 01:41:00.036  INFO 384074 --- [XNIO-1 I/O-5] lavalink.server.io.SocketServer          : {"op": "play", "guildId": "652899105496104960", "track": "QAAAgQIAFlN0cmF5IEtpZHMgIk1JUk9IIiBNL1YAEUpZUCBFbnRlcnRhaW5tZW50AAAAAAAD79AAC0RhYjRFRU5UVzVJAAEAK2h0dHBzOi8vd3d3LnlvdXR1YmUuY29tL3dhdGNoP3Y9RGFiNEVFTlRXNUkAB3lvdXR1YmUAAAAAAAAAAA==", "startTime": 0, "endTime": 0, "noReplace": false}
2021-09-17 01:41:34.928  INFO 384074 --- [XNIO-1 task-1] l.server.player.AudioLoaderRestHandler   : Got request to load for identifier "ytsearch:Miroh stray kids audio"
2021-09-17 01:41:35.572  INFO 384074 --- [lava-daemon-pool-info-loader-2-thread-1] lavalink.server.player.AudioLoader       : Loaded playlist Search results for: Miroh stray kids audio
2021-09-17 01:41:42.947  INFO 384074 --- [XNIO-1 I/O-5] lavalink.server.io.SocketServer          : {"op": "play", "guildId": "652899105496104960", "track": "QAAAgQIAGlN0cmF5IEtpZHMgLSBNSVJPSCAoQXVkaW8pAA1KaGVwaGVyc29tIENIAAAAAAADLIAAC3hBN0FjRHBmd0pRAAEAK2h0dHBzOi8vd3d3LnlvdXR1YmUuY29tL3dhdGNoP3Y9eEE3QWNEcGZ3SlEAB3lvdXR1YmUAAAAAAAAAAA==", "startTime": 0, "endTime": 0, "noReplace": false}
2021-09-17 01:45:10.588  INFO 384074 --- [XNIO-1 I/O-5] lavalink.server.io.SocketServer          : {"op": "stop", "guildId": "652899105496104960"}
2021-09-17 15:08:16.822  INFO 384074 --- [XNIO-1 I/O-5] lavalink.server.io.SocketServer          : Connection closed from /127.0.0.1:52198 with status CloseStatus[code=1006, reason=] -- Session can be resumed within the next 60 seconds with key default-node
2021-09-17 15:08:20.292  INFO 384074 --- [XNIO-1 task-1] l.server.io.HandshakeInterceptorImpl     : Incoming connection from /127.0.0.1:33580
2021-09-17 15:08:20.298  INFO 384074 --- [XNIO-1 task-1] lavalink.server.io.SocketServer          : Connection successfully established from Lavalink.py
2021-09-17 15:08:20.299  INFO 384074 --- [XNIO-1 I/O-4] lavalink.server.io.SocketServer          : {"op": "configureResuming", "key": "default-node", "timeout": 60}
2021-09-17 15:08:40.464  WARN 384074 --- [XNIO-1 I/O-4] lavalink.server.io.SocketServer          : Shutdown resumable session with key default-node because it has the same key as a newly disconnected resumable session.
2021-09-17 15:08:40.464  INFO 384074 --- [XNIO-1 I/O-4] lavalink.server.io.SocketContext         : Shutting down 0 playing players.
2021-09-17 15:08:40.465  INFO 384074 --- [XNIO-1 I/O-4] lavalink.server.io.SocketServer          : Connection closed from /127.0.0.1:33580 with status CloseStatus[code=1006, reason=] -- Session can be resumed within the next 60 seconds with key default-node
2021-09-17 15:08:43.913  INFO 384074 --- [XNIO-1 task-1] l.server.io.HandshakeInterceptorImpl     : Incoming connection from /127.0.0.1:33624
2021-09-17 15:08:43.915  INFO 384074 --- [XNIO-1 task-1] lavalink.server.io.SocketServer          : Connection successfully established from Lavalink.py
2021-09-17 15:08:43.915  INFO 384074 --- [XNIO-1 I/O-1] lavalink.server.io.SocketServer          : {"op": "configureResuming", "key": "default-node", "timeout": 60}
2021-09-17 15:09:16.822  INFO 384074 --- [pool-57-thread-1] lavalink.server.io.SocketContext         : Shutting down 0 playing players.
2021-09-17 15:09:40.466  INFO 384074 --- [pool-58-thread-1] lavalink.server.io.SocketContext         : Shutting down 0 playing players.
2021-09-17 15:14:58.573  INFO 384074 --- [XNIO-1 I/O-1] lavalink.server.io.SocketServer          : Connection closed from /127.0.0.1:33624 with status CloseStatus[code=1006, reason=] -- Session can be resumed within the next 60 seconds with key default-node
2021-09-17 15:15:02.119  INFO 384074 --- [XNIO-1 task-1] l.server.io.HandshakeInterceptorImpl     : Incoming connection from /127.0.0.1:33776
2021-09-17 15:15:02.125  INFO 384074 --- [XNIO-1 task-1] lavalink.server.io.SocketServer          : Connection successfully established from Lavalink.py
2021-09-17 15:15:02.125  INFO 384074 --- [XNIO-1 I/O-5] lavalink.server.io.SocketServer          : {"op": "configureResuming", "key": "default-node", "timeout": 60}
2021-09-17 15:15:58.574  INFO 384074 --- [pool-59-thread-1] lavalink.server.io.SocketContext         : Shutting down 0 playing players.
2021-09-17 15:18:49.376  INFO 384074 --- [XNIO-1 I/O-5] lavalink.server.io.SocketServer          : Connection closed from /127.0.0.1:33776 with status CloseStatus[code=1006, reason=] -- Session can be resumed within the next 60 seconds with key default-node
2021-09-17 15:18:52.804  INFO 384074 --- [XNIO-1 task-1] l.server.io.HandshakeInterceptorImpl     : Incoming connection from /127.0.0.1:33898
2021-09-17 15:18:52.806  INFO 384074 --- [XNIO-1 task-1] lavalink.server.io.SocketServer          : Connection successfully established from Lavalink.py
2021-09-17 15:18:52.807  INFO 384074 --- [XNIO-1 I/O-3] lavalink.server.io.SocketServer          : {"op": "configureResuming", "key": "default-node", "timeout": 60}
2021-09-17 15:19:49.377  INFO 384074 --- [pool-60-thread-1] lavalink.server.io.SocketContext         : Shutting down 0 playing players.
2021-09-17 15:20:10.116  INFO 384074 --- [XNIO-1 I/O-3] lavalink.server.io.SocketServer          : Connection closed from /127.0.0.1:33898 with status CloseStatus[code=1006, reason=] -- Session can be resumed within the next 60 seconds with key default-node
2021-09-17 15:20:13.413  INFO 384074 --- [XNIO-1 task-1] l.server.io.HandshakeInterceptorImpl     : Incoming connection from /127.0.0.1:33968
2021-09-17 15:20:13.419  INFO 384074 --- [XNIO-1 task-1] lavalink.server.io.SocketServer          : Connection successfully established from Lavalink.py
2021-09-17 15:20:13.420  INFO 384074 --- [XNIO-1 I/O-5] lavalink.server.io.SocketServer          : {"op": "configureResuming", "key": "default-node", "timeout": 60}
2021-09-17 15:21:10.117  INFO 384074 --- [pool-61-thread-1] lavalink.server.io.SocketContext         : Shutting down 0 playing players.
2021-09-17 15:26:16.737  INFO 384074 --- [XNIO-1 I/O-5] lavalink.server.io.SocketServer          : Connection closed from /127.0.0.1:33968 with status CloseStatus[code=1006, reason=] -- Session can be resumed within the next 60 seconds with key default-node
2021-09-17 15:26:20.130  INFO 384074 --- [XNIO-1 task-1] l.server.io.HandshakeInterceptorImpl     : Incoming connection from /127.0.0.1:34160
2021-09-17 15:26:20.135  INFO 384074 --- [XNIO-1 task-1] lavalink.server.io.SocketServer          : Connection successfully established from Lavalink.py
2021-09-17 15:26:20.136  INFO 384074 --- [XNIO-1 I/O-3] lavalink.server.io.SocketServer          : {"op": "configureResuming", "key": "default-node", "timeout": 60}
2021-09-17 15:27:16.737  INFO 384074 --- [pool-62-thread-1] lavalink.server.io.SocketContext         : Shutting down 0 playing players.
2021-09-17 15:29:01.360  INFO 384074 --- [XNIO-1 I/O-3] lavalink.server.io.SocketServer          : Connection closed from /127.0.0.1:34160 with status CloseStatus[code=1006, reason=] -- Session can be resumed within the next 60 seconds with key default-node
2021-09-17 15:29:04.610  INFO 384074 --- [XNIO-1 task-1] l.server.io.HandshakeInterceptorImpl     : Incoming connection from /127.0.0.1:34232
2021-09-17 15:29:04.613  INFO 384074 --- [XNIO-1 task-1] lavalink.server.io.SocketServer          : Connection successfully established from Lavalink.py
2021-09-17 15:29:04.613  INFO 384074 --- [XNIO-1 I/O-1] lavalink.server.io.SocketServer          : {"op": "configureResuming", "key": "default-node", "timeout": 60}
2021-09-17 15:30:01.360  INFO 384074 --- [pool-63-thread-1] lavalink.server.io.SocketContext         : Shutting down 0 playing players.
2021-09-17 15:34:49.045  INFO 384074 --- [XNIO-1 task-1] l.server.player.AudioLoaderRestHandler   : Got request to load for identifier "https://www.youtube.com/watch?v=R5uun74lRFw&list=RDR5uun74lRFw&start_radio=1"
2021-09-17 15:34:49.181  INFO 384074 --- [XNIO-1 I/O-1] lavalink.server.io.SocketServer          : {"op": "voiceUpdate", "guildId": "872313085455650846", "sessionId": "a4cd1a57ad258b3197e95a8d742a8753", "event": {"token": "14b17cd9e5c5b0fe", "guild_id": "872313085455650846", "endpoint": "eu-central6727.discord.media:443"}}
2021-09-17 15:34:49.885  INFO 384074 --- [lava-daemon-pool-info-loader-2-thread-1] lavalink.server.player.AudioLoader       : Loaded playlist Mix - Måneskin - Beggin' (Lyrics)
2021-09-17 15:34:50.011  INFO 384074 --- [XNIO-1 I/O-1] lavalink.server.io.SocketServer          : {"op": "play", "guildId": "872313085455650846", "track": "QAAAeQIAHE3DpW5lc2tpbiAtIEJlZ2dpbicgKEx5cmljcykAB1MgTXVzaWMAAAAAAAM8IAALUjV1dW43NGxSRncAAQAnaHR0cHM6Ly95b3V0dWJlLmNvbS93YXRjaD92PVI1dXVuNzRsUkZ3AAd5b3V0dWJlAAAAAAAAAAA=", "startTime": 0, "endTime": 0, "noReplace": false}
2021-09-17 15:34:54.175  INFO 384074 --- [XNIO-1 I/O-1] lavalink.server.io.SocketServer          : {"op": "volume", "guildId": "872313085455650846", "volume": 100}
2021-09-17 15:37:48.950  INFO 384074 --- [XNIO-1 task-1] l.server.player.AudioLoaderRestHandler   : Got request to load for identifier "https://youtu.be/tp8bc1JxUdE"
2021-09-17 15:37:49.396  INFO 384074 --- [XNIO-1 I/O-1] lavalink.server.io.SocketServer          : {"op": "voiceUpdate", "guildId": "819586140813918220", "sessionId": "a4cd1a57ad258b3197e95a8d742a8753", "event": {"token": "827990e8818930e0", "guild_id": "819586140813918220", "endpoint": "eu-central2434.discord.media:443"}}
2021-09-17 15:37:49.537  INFO 384074 --- [lava-daemon-pool-info-loader-2-thread-1] lavalink.server.player.AudioLoader       : Loaded track Destiny’s Child - So Good (Lyrics)
2021-09-17 15:37:49.759  INFO 384074 --- [XNIO-1 I/O-1] lavalink.server.io.SocketServer          : {"op": "play", "guildId": "819586140813918220", "track": "QAAAkAIAJERlc3RpbnnigJlzIENoaWxkIC0gU28gR29vZCAoTHlyaWNzKQASSGlwIEhvcC9SJkIgTHlyaWNzAAAAAAAC+bgAC3RwOGJjMUp4VWRFAAEAK2h0dHBzOi8vd3d3LnlvdXR1YmUuY29tL3dhdGNoP3Y9dHA4YmMxSnhVZEUAB3lvdXR1YmUAAAAAAAAAAA==", "startTime": 0, "endTime": 0, "noReplace": false}
2021-09-17 15:38:22.307  INFO 384074 --- [XNIO-1 I/O-1] lavalink.server.io.SocketServer          : {"op": "play", "guildId": "872313085455650846", "track": "QAAAjgIAMERvamEgQ2F0IC0gS2lzcyBNZSBNb3JlIChPZmZpY2lhbCBWaWRlbykgZnQuIFNaQQAIRG9qYSBDYXQAAAAAAATSYAALMEVWVktzNkRRTG8AAQAnaHR0cHM6Ly95b3V0dWJlLmNvbS93YXRjaD92PTBFVlZLczZEUUxvAAd5b3V0dWJlAAAAAAAAAAA=", "startTime": 0, "endTime": 0, "noReplace": false}
2021-09-17 15:41:05.266  INFO 384074 --- [XNIO-1 I/O-1] lavalink.server.io.SocketServer          : {"op": "stop", "guildId": "819586140813918220"}
2021-09-17 15:43:38.547  INFO 384074 --- [XNIO-1 I/O-1] lavalink.server.io.SocketServer          : {"op": "play", "guildId": "872313085455650846", "track": "QAAAkwIAM1RoZSBXZWVrbmQgLSBTYXZlIFlvdXIgVGVhcnMgKE9mZmljaWFsIE11c2ljIFZpZGVvKQAKVGhlIFdlZWtuZAAAAAAAA8yoAAtYWFlsRnVXRXVLSQABACdodHRwczovL3lvdXR1YmUuY29tL3dhdGNoP3Y9WFhZbEZ1V0V1S0kAB3lvdXR1YmUAAAAAAAAAAA==", "startTime": 0, "endTime": 0, "noReplace": false}
2021-09-17 15:47:49.108  INFO 384074 --- [XNIO-1 I/O-1] lavalink.server.io.SocketServer          : {"op": "play", "guildId": "872313085455650846", "track": "QAAAmQIANFVuY2xlIEx1Y2l1cyAtIEtlZXAgVGhlIFdvbHZlcyBBd2F5IChPZmZpY2lhbCBWaWRlbykAD3VuY2xlbHVjaXVzYmFuZAAAAAAABHiIAAtwWWR2eEJ4SFgyVQABACdodHRwczovL3lvdXR1YmUuY29tL3dhdGNoP3Y9cFlkdnhCeEhYMlUAB3lvdXR1YmUAAAAAAAAAAA==", "startTime": 0, "endTime": 0, "noReplace": false}
2021-09-17 15:52:42.747  INFO 384074 --- [XNIO-1 I/O-1] lavalink.server.io.SocketServer          : {"op": "play", "guildId": "872313085455650846", "track": "QAAAnAIAPFRoZSBXZWVrbmQgLSBJIEZlZWwgSXQgQ29taW5nIGZ0LiBEYWZ0IFB1bmsgKE9mZmljaWFsIFZpZGVvKQAKVGhlIFdlZWtuZAAAAAAABIwQAAtxRkxoR3EwMDYwdwABACdodHRwczovL3lvdXR1YmUuY29tL3dhdGNoP3Y9cUZMaEdxMDA2MHcAB3lvdXR1YmUAAAAAAAAAAA==", "startTime": 0, "endTime": 0, "noReplace": false}
2021-09-17 15:57:41.829  INFO 384074 --- [XNIO-1 I/O-1] lavalink.server.io.SocketServer          : {"op": "play", "guildId": "872313085455650846", "track": "QAAAmwIAPUR1YSBMaXBhIC0gTGV2aXRhdGluZyBGZWF0dXJpbmcgRGFCYWJ5IChPZmZpY2lhbCBNdXNpYyBWaWRlbykACER1YSBMaXBhAAAAAAADhlgAC1RVVmNaZlFlLUt3AAEAJ2h0dHBzOi8veW91dHViZS5jb20vd2F0Y2g/dj1UVVZjWmZRZS1LdwAHeW91dHViZQAAAAAAAAAA", "startTime": 0, "endTime": 0, "noReplace": false}
2021-09-17 16:01:33.387  INFO 384074 --- [XNIO-1 I/O-1] lavalink.server.io.SocketServer          : {"op": "play", "guildId": "872313085455650846", "track": "QAAAkAIAMEVkIFNoZWVyYW4gLSBTaGFwZSBvZiBZb3UgKE9mZmljaWFsIE11c2ljIFZpZGVvKQAKRWQgU2hlZXJhbgAAAAAABAdAAAtKR3dXTkdKZHZ4OAABACdodHRwczovL3lvdXR1YmUuY29tL3dhdGNoP3Y9Skd3V05HSmR2eDgAB3lvdXR1YmUAAAAAAAAAAA==", "startTime": 0, "endTime": 0, "noReplace": false}
2021-09-17 16:05:57.667  INFO 384074 --- [XNIO-1 I/O-1] lavalink.server.io.SocketServer          : {"op": "play", "guildId": "872313085455650846", "track": "QAAAjQIAK0RhbiArIFNoYXkgLSBUZXF1aWxhIChPZmZpY2lhbCBNdXNpYyBWaWRlbykADERhbiBBbmQgU2hheQAAAAAABlUYAAtjNHFncU5TXzIwcwABACdodHRwczovL3lvdXR1YmUuY29tL3dhdGNoP3Y9YzRxZ3FOU18yMHMAB3lvdXR1YmUAAAAAAAAAAA==", "startTime": 0, "endTime": 0, "noReplace": false}
2021-09-17 16:12:53.748  INFO 384074 --- [XNIO-1 I/O-1] lavalink.server.io.SocketServer          : {"op": "play", "guildId": "872313085455650846", "track": "QAAAiQIALUtoYWxpZCAmIE5vcm1hbmkgLSBMb3ZlIExpZXMgKE9mZmljaWFsIFZpZGVvKQAGS2hhbGlkAAAAAAAEJoAAC3hZdHNMOXpub3BJAAEAJ2h0dHBzOi8veW91dHViZS5jb20vd2F0Y2g/dj14WXRzTDl6bm9wSQAHeW91dHViZQAAAAAAAAAA", "startTime": 0, "endTime": 0, "noReplace": false}
2021-09-17 16:17:25.669  INFO 384074 --- [XNIO-1 I/O-1] lavalink.server.io.SocketServer          : {"op": "play", "guildId": "872313085455650846", "track": "QAAAqgIATE1hcm9vbiA1IC0gQmVhdXRpZnVsIE1pc3Rha2VzIGZ0LiBNZWdhbiBUaGVlIFN0YWxsaW9uIChPZmZpY2lhbCBNdXNpYyBWaWRlbykACE1hcm9vbiA1AAAAAAADfogAC0JTelNuLVBSZHRJAAEAJ2h0dHBzOi8veW91dHViZS5jb20vd2F0Y2g/dj1CU3pTbi1QUmR0SQAHeW91dHViZQAAAAAAAAAA", "startTime": 0, "endTime": 0, "noReplace": false}
